L 12/21/2020 - 16:45:40: SourceMod log file session started (file "D:\repo\steamcmd\csgo-ds\csgo\addons\sourcemod\logs\L20201221.log") (Version "1.10.0.6502")
L 12/21/2020 - 16:45:40: -------- Mapchange to de_dust2 --------
L 12/21/2020 - 17:21:16: SourceMod log file session started (file "D:\repo\steamcmd\csgo-ds\csgo\addons\sourcemod\logs\L20201221.log") (Version "1.10.0.6502")
L 12/21/2020 - 17:21:16: -------- Mapchange to de_dust2 --------
L 12/21/2020 - 17:27:30: SourceMod log file session started (file "D:\repo\steamcmd\csgo-ds\csgo\addons\sourcemod\logs\L20201221.log") (Version "1.10.0.6502")
L 12/21/2020 - 17:27:30: -------- Mapchange to de_dust2 --------
L 12/21/2020 - 17:30:26: Log file closed.
L 12/21/2020 - 17:31:15: SourceMod log file session started (file "D:\repo\steamcmd\csgo-ds\csgo\addons\sourcemod\logs\L20201221.log") (Version "1.10.0.6502")
L 12/21/2020 - 17:31:15: -------- Mapchange to de_dust2 --------
L 12/21/2020 - 17:40:01: Log file closed.
L 12/21/2020 - 17:50:09: SourceMod log file session started (file "D:\repo\steamcmd\csgo-ds\csgo\addons\sourcemod\logs\L20201221.log") (Version "1.10.0.6502")
L 12/21/2020 - 17:50:09: -------- Mapchange to de_dust2 --------
L 12/21/2020 - 17:51:06: Log file closed.
L 12/21/2020 - 17:52:31: SourceMod log file session started (file "D:\repo\steamcmd\csgo-ds\csgo\addons\sourcemod\logs\L20201221.log") (Version "1.10.0.6502")
L 12/21/2020 - 17:52:31: -------- Mapchange to de_dust2 --------
L 12/21/2020 - 17:52:33: [weapons.smx] SQLite DB connection successful
L 12/21/2020 - 17:52:33: [weapons.smx] Inactive players' data has been deleted
L 12/21/2020 - 17:53:07: Log file closed.
L 12/21/2020 - 18:01:38: SourceMod log file session started (file "D:\repo\steamcmd\csgo-ds\csgo\addons\sourcemod\logs\L20201221.log") (Version "1.10.0.6502")
L 12/21/2020 - 18:01:38: -------- Mapchange to de_dust2 --------
L 12/21/2020 - 18:01:39: [weapons.smx] Inactive players' data has been deleted
L 12/21/2020 - 18:01:39: [weapons.smx] SQLite DB connection successful
L 12/21/2020 - 18:01:39: [weapons.smx] Inactive players' data has been deleted
L 12/21/2020 - 18:03:19: Log file closed.
L 12/21/2020 - 18:10:05: SourceMod log file session started (file "D:\repo\steamcmd\csgo-ds\csgo\addons\sourcemod\logs\L20201221.log") (Version "1.10.0.6502")
L 12/21/2020 - 18:10:05: [GEOIP] GeoIP database info: GEO-106FREE 20180327 Build 1 Copyright (c) 2018 MaxMind Inc All Rights Reserved
L 12/21/2020 - 18:10:24: -------- Mapchange to de_dust2 --------
L 12/21/2020 - 18:10:25: [weapons.smx] SQLite DB connection successful
L 12/21/2020 - 18:10:25: [weapons.smx] Inactive players' data has been deleted
L 12/21/2020 - 18:11:49: Log file closed.
L 12/21/2020 - 18:27:07: SourceMod log file session started (file "D:\repo\steamcmd\csgo-ds\csgo\addons\sourcemod\logs\L20201221.log") (Version "1.10.0.6502")
L 12/21/2020 - 18:27:07: [GEOIP] GeoIP database info: GEO-106FREE 20180327 Build 1 Copyright (c) 2018 MaxMind Inc All Rights Reserved
L 12/21/2020 - 18:29:26: -------- Mapchange to de_dust2 --------
L 12/21/2020 - 18:29:27: [weapons.smx] SQLite DB connection successful
L 12/21/2020 - 18:29:27: [weapons.smx] Inactive players' data has been deleted
L 12/21/2020 - 18:29:27: [weapons.smx] SQLite DB connection successful
L 12/21/2020 - 18:29:27: [weapons.smx] SQLite DB connection successful
L 12/21/2020 - 18:29:27: [weapons.smx] Inactive players' data has been deleted
L 12/21/2020 - 18:29:27: [weapons.smx] Inactive players' data has been deleted
L 12/21/2020 - 18:32:22: Log file closed.
L 12/21/2020 - 18:58:57: SourceMod log file session started (file "D:\repo\steamcmd\csgo-ds\csgo\addons\sourcemod\logs\L20201221.log") (Version "1.10.0.6502")
L 12/21/2020 - 18:58:57: [GEOIP] GeoIP database info: GEO-106FREE 20180327 Build 1 Copyright (c) 2018 MaxMind Inc All Rights Reserved
L 12/21/2020 - 18:58:59: [weapons.smx] SQLite DB connection successful
L 12/21/2020 - 18:58:59: [weapons.smx] Inactive players' data has been deleted
L 12/21/2020 - 18:59:05: -------- Mapchange to de_dust2 --------
L 12/21/2020 - 18:59:06: [weapons.smx] Inactive players' data has been deleted
L 12/21/2020 - 18:59:09: [csgo_weaponstickers.smx] (WeaponStickers) Reconnecting...
L 12/21/2020 - 18:59:14: [csgo_weaponstickers.smx] (WeaponStickers) Reconnecting...
L 12/21/2020 - 18:59:20: [csgo_weaponstickers.smx] (WeaponStickers) Reconnecting...
L 12/21/2020 - 18:59:25: [csgo_weaponstickers.smx] (WeaponStickers) Reconnecting...
L 12/21/2020 - 18:59:30: [csgo_weaponstickers.smx] (WeaponStickers) Reconnecting...
L 12/21/2020 - 18:59:35: [csgo_weaponstickers.smx] (WeaponStickers) Reconnecting...
L 12/21/2020 - 18:59:40: [csgo_weaponstickers.smx] (WeaponStickers) Reconnecting...
L 12/21/2020 - 18:59:45: [csgo_weaponstickers.smx] (WeaponStickers) Reconnecting...
L 12/21/2020 - 18:59:50: [csgo_weaponstickers.smx] (WeaponStickers) Reconnecting...
L 12/21/2020 - 18:59:55: [csgo_weaponstickers.smx] (WeaponStickers) Reconnecting...
L 12/21/2020 - 19:00:00: [csgo_weaponstickers.smx] (WeaponStickers) Reconnecting...
L 12/21/2020 - 19:00:05: [csgo_weaponstickers.smx] (WeaponStickers) Reconnecting...
L 12/21/2020 - 19:00:10: [csgo_weaponstickers.smx] (WeaponStickers) Reconnecting...
L 12/21/2020 - 19:00:15: [csgo_weaponstickers.smx] (WeaponStickers) Reconnecting...
L 12/21/2020 - 19:00:21: [csgo_weaponstickers.smx] (WeaponStickers) Reconnecting...
L 12/21/2020 - 19:00:26: [csgo_weaponstickers.smx] (WeaponStickers) Reconnecting...
L 12/21/2020 - 19:00:31: [csgo_weaponstickers.smx] (WeaponStickers) Reconnecting...
L 12/21/2020 - 19:00:36: [csgo_weaponstickers.smx] (WeaponStickers) Reconnecting...
L 12/21/2020 - 19:00:41: [csgo_weaponstickers.smx] (WeaponStickers) Reconnecting...
L 12/21/2020 - 19:00:46: [csgo_weaponstickers.smx] (WeaponStickers) Reconnecting...
L 12/21/2020 - 19:00:51: [csgo_weaponstickers.smx] (WeaponStickers) Reconnecting...
L 12/21/2020 - 19:00:56: [csgo_weaponstickers.smx] (WeaponStickers) Reconnecting...
L 12/21/2020 - 19:01:01: [csgo_weaponstickers.smx] (WeaponStickers) Reconnecting...
L 12/21/2020 - 19:01:06: [csgo_weaponstickers.smx] (WeaponStickers) Reconnecting...
L 12/21/2020 - 19:01:11: [csgo_weaponstickers.smx] (WeaponStickers) Reconnecting...
L 12/21/2020 - 19:01:17: [csgo_weaponstickers.smx] (WeaponStickers) Reconnecting...
L 12/21/2020 - 19:01:22: [csgo_weaponstickers.smx] (WeaponStickers) Reconnecting...
L 12/21/2020 - 19:01:27: [csgo_weaponstickers.smx] (WeaponStickers) Reconnecting...
L 12/21/2020 - 19:01:32: [csgo_weaponstickers.smx] (WeaponStickers) Reconnecting...
L 12/21/2020 - 19:01:37: [csgo_weaponstickers.smx] (WeaponStickers) Reconnecting...
L 12/21/2020 - 19:01:42: [csgo_weaponstickers.smx] (WeaponStickers) Reconnecting...
L 12/21/2020 - 19:01:47: [csgo_weaponstickers.smx] (WeaponStickers) Reconnecting...
L 12/21/2020 - 19:01:56: Log file closed.
L 12/21/2020 - 19:57:43: SourceMod log file session started (file "D:\repo\steamcmd\csgo-ds\csgo\addons\sourcemod\logs\L20201221.log") (Version "1.10.0.6502")
L 12/21/2020 - 19:57:43: [GEOIP] GeoIP database info: GEO-106FREE 20180327 Build 1 Copyright (c) 2018 MaxMind Inc All Rights Reserved
L 12/21/2020 - 20:03:31: SourceMod log file session started (file "D:\repo\steamcmd\csgo-ds\csgo\addons\sourcemod\logs\L20201221.log") (Version "1.10.0.6502")
L 12/21/2020 - 20:03:31: [GEOIP] GeoIP database info: GEO-106FREE 20180327 Build 1 Copyright (c) 2018 MaxMind Inc All Rights Reserved
L 12/21/2020 - 20:04:10: -------- Mapchange to de_dust2 --------
L 12/21/2020 - 20:04:11: [weapons.smx] Inactive players' data has been deleted
L 12/21/2020 - 20:04:12: [weapons.smx] SQLite DB connection successful
L 12/21/2020 - 20:04:12: [weapons.smx] Inactive players' data has been deleted
L 12/21/2020 - 20:04:16: [csgo_weaponstickers.smx] (WeaponStickers) Reconnecting...
L 12/21/2020 - 20:04:43: [csgo_weaponstickers.smx] (WeaponStickers) Reconnecting...
L 12/21/2020 - 20:05:09: [csgo_weaponstickers.smx] (WeaponStickers) Reconnecting...
L 12/21/2020 - 20:05:35: [csgo_weaponstickers.smx] (WeaponStickers) Reconnecting...
L 12/21/2020 - 20:06:01: [csgo_weaponstickers.smx] (WeaponStickers) Reconnecting...
L 12/21/2020 - 20:06:27: [csgo_weaponstickers.smx] (WeaponStickers) Reconnecting...
